Determining if the pthread_create exist failed with the following output:
Change Dir: /home/akshay/Projects/esp32_imu/ws/build/CMakeFiles/CMakeTmp

Run Build Command:"/usr/bin/make" "cmTC_63899/fast"
/usr/bin/make -f CMakeFiles/cmTC_63899.dir/build.make CMakeFiles/cmTC_63899.dir/build
make[1]: Entering directory '/home/akshay/Projects/esp32_imu/ws/build/CMakeFiles/CMakeTmp'
Building C object CMakeFiles/cmTC_63899.dir/CheckSymbolExists.c.o
/usr/bin/cc     -o CMakeFiles/cmTC_63899.dir/CheckSymbolExists.c.o   -c /home/akshay/Projects/esp32_imu/ws/build/CMakeFiles/CMakeTmp/CheckSymbolExists.c
Linking C executable cmTC_63899
/usr/bin/cmake -E cmake_link_script CMakeFiles/cmTC_63899.dir/link.txt --verbose=1
/usr/bin/cc       CMakeFiles/cmTC_63899.dir/CheckSymbolExists.c.o  -o cmTC_63899 -rdynamic 
CMakeFiles/cmTC_63899.dir/CheckSymbolExists.c.o: In function `main':
CheckSymbolExists.c:(.text+0x16): undefined reference to `pthread_create'
collect2: error: ld returned 1 exit status
CMakeFiles/cmTC_63899.dir/build.make:97: recipe for target 'cmTC_63899' failed
make[1]: *** [cmTC_63899] Error 1
make[1]: Leaving directory '/home/akshay/Projects/esp32_imu/ws/build/CMakeFiles/CMakeTmp'
Makefile:126: recipe for target 'cmTC_63899/fast' failed
make: *** [cmTC_63899/fast] Error 2

File /home/akshay/Projects/esp32_imu/ws/build/CMakeFiles/CMakeTmp/CheckSymbolExists.c:
/* */
#include <pthread.h>

int main(int argc, char** argv)
{
  (void)argv;
#ifndef pthread_create
  return ((int*)(&pthread_create))[argc];
#else
  (void)argc;
  return 0;
#endif
}

Determining if the function pthread_create exists in the pthreads failed with the following output:
Change Dir: /home/akshay/Projects/esp32_imu/ws/build/CMakeFiles/CMakeTmp

Run Build Command:"/usr/bin/make" "cmTC_c95ea/fast"
/usr/bin/make -f CMakeFiles/cmTC_c95ea.dir/build.make CMakeFiles/cmTC_c95ea.dir/build
make[1]: Entering directory '/home/akshay/Projects/esp32_imu/ws/build/CMakeFiles/CMakeTmp'
Building C object CMakeFiles/cmTC_c95ea.dir/CheckFunctionExists.c.o
/usr/bin/cc    -DCHECK_FUNCTION_EXISTS=pthread_create   -o CMakeFiles/cmTC_c95ea.dir/CheckFunctionExists.c.o   -c /usr/share/cmake-3.5/Modules/CheckFunctionExists.c
Linking C executable cmTC_c95ea
/usr/bin/cmake -E cmake_link_script CMakeFiles/cmTC_c95ea.dir/link.txt --verbose=1
/usr/bin/cc   -DCHECK_FUNCTION_EXISTS=pthread_create    CMakeFiles/cmTC_c95ea.dir/CheckFunctionExists.c.o  -o cmTC_c95ea -rdynamic -lpthreads 
/usr/bin/ld: cannot find -lpthreads
collect2: error: ld returned 1 exit status
CMakeFiles/cmTC_c95ea.dir/build.make:97: recipe for target 'cmTC_c95ea' failed
make[1]: *** [cmTC_c95ea] Error 1
make[1]: Leaving directory '/home/akshay/Projects/esp32_imu/ws/build/CMakeFiles/CMakeTmp'
Makefile:126: recipe for target 'cmTC_c95ea/fast' failed
make: *** [cmTC_c95ea/fast] Error 2


